â•â•â•â•â•â•â•â•â•â•â•â•â•â•â•â•â•â•â•â•â•â•â•â•â•â•â•â•â•â•â•â•â•â•â•â•â•â•â•â•â•â•
[33m        job         [0m
â”€â”€â”€â”€â”€â”€â”€â”€â”€â”€â”€â”€â”€â”€â”€â”€â”€â”€â”€â”€â”¬â”€â”€â”€â”€â”€â”€â”€â”€â”€â”€â”€â”€â”€â”€â”€â”€â”€â”€â”€â”€â”€
    script_path     â”‚ None                
    script_root     â”‚ /home/jason/bvn/experiments
      counter       â”‚ 1                   
       prefix       â”‚ bvn/bvn/baselines/train/ddpg/FetchReach-v1/100
        name        â”‚ ddpg/FetchReach-v1/100
       status       â”‚ created             
     createTime     â”‚ 2022-06-06 21:36:31.736319
â•â•â•â•â•â•â•â•â•â•â•â•â•â•â•â•â•â•â•â•â•§â•â•â•â•â•â•â•â•â•â•â•â•â•â•â•â•â•â•â•â•â•
[33m      revision      [0m
â”€â”€â”€â”€â”€â”€â”€â”€â”€â”€â”€â”€â”€â”€â”€â”€â”€â”€â”€â”€â”¬â”€â”€â”€â”€â”€â”€â”€â”€â”€â”€â”€â”€â”€â”€â”€â”€â”€â”€â”€â”€â”€
        hash        â”‚ None                
       branch       â”‚ refs/heads/master   
â•â•â•â•â•â•â•â•â•â•â•â•â•â•â•â•â•â•â•â•â•§â•â•â•â•â•â•â•â•â•â•â•â•â•â•â•â•â•â•â•â•â•
[33m         fn         [0m
â”€â”€â”€â”€â”€â”€â”€â”€â”€â”€â”€â”€â”€â”€â”€â”€â”€â”€â”€â”€â”¬â”€â”€â”€â”€â”€â”€â”€â”€â”€â”€â”€â”€â”€â”€â”€â”€â”€â”€â”€â”€â”€
        name        â”‚ main                
        doc         â”‚ None                
       module       â”‚ rl                  
        file        â”‚ /home/jason/bvn/rl/__init__.py
â•â•â•â•â•â•â•â•â•â•â•â•â•â•â•â•â•â•â•â•â•§â•â•â•â•â•â•â•â•â•â•â•â•â•â•â•â•â•â•â•â•â•
[33m        args        [0m
â”€â”€â”€â”€â”€â”€â”€â”€â”€â”€â”€â”€â”€â”€â”€â”€â”€â”€â”€â”€â”¬â”€â”€â”€â”€â”€â”€â”€â”€â”€â”€â”€â”€â”€â”€â”€â”€â”€â”€â”€â”€â”€
({'Args.clip_inputs': True, 'Args.normalize_inputs': True, 'Args.agent_type': 'ddpg', 'Args.env_name': 'FetchReach-v1', 'Args.n_workers': 2, 'Args.n_epochs': 50, 'Args.seed': 100, 'RUN.job_name': 'ddpg/FetchReach-v1/100', 'RUN.prefix': 'bvn/bvn/baselines/train/ddpg/FetchReach-v1/100'},)
â•â•â•â•â•â•â•â•â•â•â•â•â•â•â•â•â•â•â•â•â•§â•â•â•â•â•â•â•â•â•â•â•â•â•â•â•â•â•â•â•â•â•
[33m       kwargs       [0m
â”€â”€â”€â”€â”€â”€â”€â”€â”€â”€â”€â”€â”€â”€â”€â”€â”€â”€â”€â”€â”¬â”€â”€â”€â”€â”€â”€â”€â”€â”€â”€â”€â”€â”€â”€â”€â”€â”€â”€â”€â”€â”€
â•â•â•â•â•â•â•â•â•â•â•â•â•â•â•â•â•â•â•â•â•§â•â•â•â•â•â•â•â•â•â•â•â•â•â•â•â•â•â•â•â•â•
taking diff, if this step takes too long, check if your uncommitted changes are too large.
not storing the git diff due to Command 'cd "/home/jason/bvn/experiments/001_baselines" && git diff HEAD --binary' returned non-zero exit status 128.
â•â•â•â•â•â•â•â•â•â•â•â•â•â•â•â•â•â•â•â•â•â•â•â•â•â•â•â•â•â•â•â•â•â•â•â•â•â•â•â•â•â•
[33m        job         [0m
â”€â”€â”€â”€â”€â”€â”€â”€â”€â”€â”€â”€â”€â”€â”€â”€â”€â”€â”€â”€â”¬â”€â”€â”€â”€â”€â”€â”€â”€â”€â”€â”€â”€â”€â”€â”€â”€â”€â”€â”€â”€â”€
       job_id       â”‚ None                
       status       â”‚ started             
     startTime      â”‚ 2022-06-06 21:36:31.823716
â•â•â•â•â•â•â•â•â•â•â•â•â•â•â•â•â•â•â•â•â•§â•â•â•â•â•â•â•â•â•â•â•â•â•â•â•â•â•â•â•â•â•
[33m        host        [0m
â”€â”€â”€â”€â”€â”€â”€â”€â”€â”€â”€â”€â”€â”€â”€â”€â”€â”€â”€â”€â”¬â”€â”€â”€â”€â”€â”€â”€â”€â”€â”€â”€â”€â”€â”€â”€â”€â”€â”€â”€â”€â”€
      hostname      â”‚ newton1             
â•â•â•â•â•â•â•â•â•â•â•â•â•â•â•â•â•â•â•â•â•§â•â•â•â•â•â•â•â•â•â•â•â•â•â•â•â•â•â•â•â•â•
â•â•â•â•â•â•â•â•â•â•â•â•â•â•â•â•â•â•â•â•â•â•â•â•â•â•â•â•â•â•â•â•â•â•â•â•â•â•â•â•â•â•
[33m        Args        [0m
â”€â”€â”€â”€â”€â”€â”€â”€â”€â”€â”€â”€â”€â”€â”€â”€â”€â”€â”€â”€â”¬â”€â”€â”€â”€â”€â”€â”€â”€â”€â”€â”€â”€â”€â”€â”€â”€â”€â”€â”€â”€â”€
       debug        â”‚ False               
    record_video    â”‚ False               
 record_video_freq  â”‚ 10                  
     train_type     â”‚ online              
     agent_type     â”‚ ddpg                
policy_output_scale â”‚ 1.0                 
initial_temperature â”‚ 1.0                 
temperature_optimizer_lrâ”‚ 0.0003              
   entropy_target   â”‚ action_size         
 smooth_targ_policy â”‚ True                
     reinit_phi     â”‚ False               
     freeze_phi     â”‚ False               
      reinit_f      â”‚ False               
      freeze_f      â”‚ False               
    freeze_norm     â”‚ False               
    critic_type     â”‚ td                  
 critic_reduce_type â”‚ norm                
  metric_embed_dim  â”‚ 16                  
  metric_norm_ord   â”‚ 2                   
n_actor_optim_steps â”‚ 1                   
   object_relabel   â”‚ False               
      env_name      â”‚ FetchReach-v1       
   test_env_name    â”‚ None                
        seed        â”‚ 100                 
     load_seed      â”‚ 123                 
      save_dir      â”‚ experiments/        
     ckpt_name      â”‚                     
    resume_ckpt     â”‚                     
     n_workers      â”‚ 2                   
        cuda        â”‚ None                
num_rollouts_per_mpiâ”‚ 1                   
      n_epochs      â”‚ 50                  
      n_cycles      â”‚ 10                  
   optimize_every   â”‚ 2                   
     n_batches      â”‚ 1                   
      hid_size      â”‚ 256                 
       n_hids       â”‚ 3                   
       activ        â”‚ relu                
     noise_eps      â”‚ 0.1                 
     random_eps     â”‚ 0.2                 
    buffer_size     â”‚ 2500000             
      future_p      â”‚ 0.8                 
     batch_size     â”‚ 1024                
    clip_inputs     â”‚ True                
      clip_obs      â”‚ 200                 
  normalize_inputs  â”‚ True                
     clip_range     â”‚ 5                   
       gamma        â”‚ 0.98                
    clip_return     â”‚ 50                  
     action_l2      â”‚ 0.01                
      lr_actor      â”‚ 0.001               
     lr_critic      â”‚ 0.001               
       polyak       â”‚ 0.995               
 target_update_freq â”‚ 10                  
  checkpoint_freq   â”‚ 10                  
 n_initial_rollouts â”‚ 100                 
  n_test_rollouts   â”‚ 15                  
    demo_length     â”‚ 20                  
        play        â”‚ None                
â•â•â•â•â•â•â•â•â•â•â•â•â•â•â•â•â•â•â•â•â•§â•â•â•â•â•â•â•â•â•â•â•â•â•â•â•â•â•â•â•â•â•
[33m        LfGR        [0m
â”€â”€â”€â”€â”€â”€â”€â”€â”€â”€â”€â”€â”€â”€â”€â”€â”€â”€â”€â”€â”¬â”€â”€â”€â”€â”€â”€â”€â”€â”€â”€â”€â”€â”€â”€â”€â”€â”€â”€â”€â”€â”€
      use_lfgr      â”‚ False               
       start        â”‚ 10                  
   store_interval   â”‚ 10                  
visualization_intervalâ”‚ 10                  
  plan_buffer_size  â”‚ 5000                
      k_steps       â”‚ 4                   
  relabel_k_steps   â”‚ 2                   
       d_max        â”‚ 2                   
       d_min        â”‚ 0.8                 
   optimize_every   â”‚ 2                   
      relabel       â”‚ backward            
     batch_size     â”‚ 32                  
  use_state_bucket  â”‚ True                
  obs_bucket_size   â”‚ 32                  
â•â•â•â•â•â•â•â•â•â•â•â•â•â•â•â•â•â•â•â•â•§â•â•â•â•â•â•â•â•â•â•â•â•â•â•â•â•â•â•â•â•â•
[33m       OMEGA        [0m
â”€â”€â”€â”€â”€â”€â”€â”€â”€â”€â”€â”€â”€â”€â”€â”€â”€â”€â”€â”€â”¬â”€â”€â”€â”€â”€â”€â”€â”€â”€â”€â”€â”€â”€â”€â”€â”€â”€â”€â”€â”€â”€
     use_omega      â”‚ False               
 use_behavior_goal  â”‚ False               
    no_q_cutoff     â”‚ False               
   kde_bandwidth    â”‚ 0.1                 
         n          â”‚ 10000               
â•â•â•â•â•â•â•â•â•â•â•â•â•â•â•â•â•â•â•â•â•§â•â•â•â•â•â•â•â•â•â•â•â•â•â•â•â•â•â•â•â•â•
Traceback (most recent call last):
  File "/home/jason/miniconda3/envs/bvn/lib/python3.10/site-packages/ml_logger/__init__.py", line 211, in thunk
    results = fn(*(args or ARGS), **_KWARGS)
  File "/home/jason/bvn/rl/__init__.py", line 124, in main
    algo = launch(deps)
  File "/home/jason/bvn/rl/launcher.py", line 97, in launch
    env_params, reward_func = get_env_params(Args.env_name)
  File "/home/jason/bvn/rl/launcher.py", line 18, in get_env_params
    env = gym.make(env_id)
  File "/home/jason/miniconda3/envs/bvn/lib/python3.10/site-packages/gym/envs/registration.py", line 582, in make
    _check_version_exists(ns, name, version)
  File "/home/jason/miniconda3/envs/bvn/lib/python3.10/site-packages/gym/envs/registration.py", line 201, in _check_version_exists
    _check_name_exists(ns, name)
  File "/home/jason/miniconda3/envs/bvn/lib/python3.10/site-packages/gym/envs/registration.py", line 179, in _check_name_exists
    raise error.NameNotFound(
gym.error.NameNotFound: Environment FetchReach doesn't exist. 

â•â•â•â•â•â•â•â•â•â•â•â•â•â•â•â•â•â•â•â•â•â•â•â•â•â•â•â•â•â•â•â•â•â•â•â•â•â•â•â•â•â•
[33m        job         [0m
â”€â”€â”€â”€â”€â”€â”€â”€â”€â”€â”€â”€â”€â”€â”€â”€â”€â”€â”€â”€â”¬â”€â”€â”€â”€â”€â”€â”€â”€â”€â”€â”€â”€â”€â”€â”€â”€â”€â”€â”€â”€â”€
       status       â”‚ errored             
     errorTime      â”‚ 2022-06-06 21:36:34.143734
â•â•â•â•â•â•â•â•â•â•â•â•â•â•â•â•â•â•â•â•â•§â•â•â•â•â•â•â•â•â•â•â•â•â•â•â•â•â•â•â•â•â•
