â•â•â•â•â•â•â•â•â•â•â•â•â•â•â•â•â•â•â•â•â•â•â•â•â•â•â•â•â•â•â•â•â•â•â•â•â•â•â•â•â•â•
[33m        job         [0m
â”€â”€â”€â”€â”€â”€â”€â”€â”€â”€â”€â”€â”€â”€â”€â”€â”€â”€â”€â”€â”¬â”€â”€â”€â”€â”€â”€â”€â”€â”€â”€â”€â”€â”€â”€â”€â”€â”€â”€â”€â”€â”€
    script_path     â”‚ None                
    script_root     â”‚ /home/jason/bvn/experiments
      counter       â”‚ 1                   
       prefix       â”‚ bvn/bvn/bvn/train/ddpg/FetchReach-v1/100
        name        â”‚ ddpg/FetchReach-v1/100
       status       â”‚ created             
     createTime     â”‚ 2022-06-09 07:05:20.984140
â•â•â•â•â•â•â•â•â•â•â•â•â•â•â•â•â•â•â•â•â•§â•â•â•â•â•â•â•â•â•â•â•â•â•â•â•â•â•â•â•â•â•
[33m      revision      [0m
â”€â”€â”€â”€â”€â”€â”€â”€â”€â”€â”€â”€â”€â”€â”€â”€â”€â”€â”€â”€â”¬â”€â”€â”€â”€â”€â”€â”€â”€â”€â”€â”€â”€â”€â”€â”€â”€â”€â”€â”€â”€â”€
        hash        â”‚ 6cd9ca30a30c4e88898b8368d564d0a91f7330e4
       branch       â”‚ refs/heads/master   
â•â•â•â•â•â•â•â•â•â•â•â•â•â•â•â•â•â•â•â•â•§â•â•â•â•â•â•â•â•â•â•â•â•â•â•â•â•â•â•â•â•â•
[33m         fn         [0m
â”€â”€â”€â”€â”€â”€â”€â”€â”€â”€â”€â”€â”€â”€â”€â”€â”€â”€â”€â”€â”¬â”€â”€â”€â”€â”€â”€â”€â”€â”€â”€â”€â”€â”€â”€â”€â”€â”€â”€â”€â”€â”€
        name        â”‚ main                
        doc         â”‚ None                
       module       â”‚ rl                  
        file        â”‚ /home/jason/bvn/rl/__init__.py
â•â•â•â•â•â•â•â•â•â•â•â•â•â•â•â•â•â•â•â•â•§â•â•â•â•â•â•â•â•â•â•â•â•â•â•â•â•â•â•â•â•â•
[33m        args        [0m
â”€â”€â”€â”€â”€â”€â”€â”€â”€â”€â”€â”€â”€â”€â”€â”€â”€â”€â”€â”€â”¬â”€â”€â”€â”€â”€â”€â”€â”€â”€â”€â”€â”€â”€â”€â”€â”€â”€â”€â”€â”€â”€
({'Args.clip_inputs': True, 'Args.normalize_inputs': True, 'Args.agent_type': 'ddpg', 'Args.critic_type': 'state_asym_metric', 'Args.critic_reduce_type': 'dot', 'Args.hid_size': 176, 'Args.metric_embed_dim': 16, 'Args.smooth_targ_policy': False, 'Args.env_name': 'FetchReach-v1', 'Args.n_workers': 2, 'Args.n_epochs': 50, 'Args.seed': 100, 'RUN.job_name': 'ddpg/FetchReach-v1/100', 'RUN.prefix': 'bvn/bvn/bvn/train/ddpg/FetchReach-v1/100'},)
â•â•â•â•â•â•â•â•â•â•â•â•â•â•â•â•â•â•â•â•â•§â•â•â•â•â•â•â•â•â•â•â•â•â•â•â•â•â•â•â•â•â•
[33m       kwargs       [0m
â”€â”€â”€â”€â”€â”€â”€â”€â”€â”€â”€â”€â”€â”€â”€â”€â”€â”€â”€â”€â”¬â”€â”€â”€â”€â”€â”€â”€â”€â”€â”€â”€â”€â”€â”€â”€â”€â”€â”€â”€â”€â”€
â•â•â•â•â•â•â•â•â•â•â•â•â•â•â•â•â•â•â•â•â•§â•â•â•â•â•â•â•â•â•â•â•â•â•â•â•â•â•â•â•â•â•
taking diff, if this step takes too long, check if your uncommitted changes are too large.
